<?xml version="1.0" encoding="UTF-8" ?>
<testsuite 
errors="0" failures="0" hostname="Ubuntu64" name="com.tencent.angel.ml.math2.matrix.CooMatrixTest.CooMatrixTest" tests="2" time="0.002" timestamp="2019-07-25T13:35:11">
  <properties>
    <property name="java.runtime.name" value="Java(TM) SE Runtime Environment">
    </property>
    <property 
    name="sun.boot.library.path" value="/home/fitz/software/jdk1.8.0_211/jre/lib/amd64">
</property>
    <property name="java.vm.version" value="25.211-b12"> </property>
    <property name="java.vm.vendor" value="Oracle Corporation"> </property>
    <property name="java.vendor.url" value="http://java.oracle.com/">
    </property>
    <property name="path.separator" value=":"> </property>
    <property name="java.vm.name" value="Java HotSpot(TM) 64-Bit Server VM">
    </property>
    <property name="file.encoding.pkg" value="sun.io"> </property>
    <property name="user.country" value="US"> </property>
    <property name="sun.java.launcher" value="SUN_STANDARD"> </property>
    <property name="sun.os.patch.level" value="unknown"> </property>
    <property 
    name="java.vm.specification.name" value="Java Virtual Machine Specification">
</property>
    <property name="user.dir" value="/home/fitz/github/fitzwang/math2">
    </property>
    <property name="java.runtime.version" value="1.8.0_211-b12"> </property>
    <property 
    name="java.awt.graphicsenv" value="sun.awt.X11GraphicsEnvironment">
</property>
    <property name="basedir" value="/home/fitz/github/fitzwang/math2">
    </property>
    <property 
    name="java.endorsed.dirs" value="/home/fitz/software/jdk1.8.0_211/jre/lib/endorsed">
</property>
    <property name="os.arch" value="amd64"> </property>
    <property name="java.io.tmpdir" value="/tmp"> </property>
    <property name="line.separator" value=" "> </property>
    <property name="java.vm.specification.vendor" value="Oracle Corporation">
    </property>
    <property name="os.name" value="Linux"> </property>
    <property name="sun.jnu.encoding" value="UTF-8"> </property>
    <property 
    name="java.library.path" value="/home/fitz/software/jdk1.8.0_211/jre/lib/amd64/server:/home/fitz/working/arrow::/usr/java/packages/lib/amd64:/usr/lib64:/lib64:/lib:/usr/lib">
</property>
    <property 
    name="java.specification.name" value="Java Platform API Specification">
</property>
    <property name="java.class.version" value="52.0"> </property>
    <property 
    name="sun.management.compiler" value="HotSpot 64-Bit Tiered Compilers">
</property>
    <property name="os.version" value="5.0.0-20-generic"> </property>
    <property name="user.home" value="/home/fitz"> </property>
    <property name="user.timezone" value=""> </property>
    <property name="java.awt.printerjob" value="sun.print.PSPrinterJob">
    </property>
    <property name="file.encoding" value="UTF-8"> </property>
    <property name="java.specification.version" value="1.8"> </property>
    <property name="user.name" value="fitz"> </property>
    <property 
    name="java.class.path" value="/home/fitz/github/fitzwang/math2/target/test-classes:/home/fitz/github/fitzwang/math2/target/classes:/home/fitz/.m2/repository/org/scala-lang/scala-library/2.11.8/scala-library-2.11.8.jar:/home/fitz/.m2/repository/org/scalatest/scalatest_2.11/2.2.6/scalatest_2.11-2.2.6.jar:/home/fitz/.m2/repository/org/scala-lang/scala-reflect/2.11.7/scala-reflect-2.11.7.jar:/home/fitz/.m2/repository/org/scala-lang/modules/scala-xml_2.11/1.0.2/scala-xml_2.11-1.0.2.jar:/home/fitz/.m2/repository/it/unimi/dsi/fastutil/7.1.0/fastutil-7.1.0.jar:/home/fitz/.m2/repository/org/apache/velocity/velocity/1.7/velocity-1.7.jar:/home/fitz/.m2/repository/commons-collections/commons-collections/3.2.1/commons-collections-3.2.1.jar:/home/fitz/.m2/repository/commons-lang/commons-lang/2.4/commons-lang-2.4.jar:/home/fitz/.m2/repository/net/sourceforge/f2j/arpack_combined_all/0.1/arpack_combined_all-0.1.jar:/home/fitz/.m2/repository/com/github/fommil/netlib/core/1.1.2/core-1.1.2.jar:/home/fitz/.m2/repository/com/github/fommil/netlib/netlib-native_ref-osx-x86_64/1.1/netlib-native_ref-osx-x86_64-1.1-natives.jar:/home/fitz/.m2/repository/com/github/fommil/netlib/native_ref-java/1.1/native_ref-java-1.1.jar:/home/fitz/.m2/repository/com/github/fommil/jniloader/1.1/jniloader-1.1.jar:/home/fitz/.m2/repository/com/github/fommil/netlib/netlib-native_ref-linux-x86_64/1.1/netlib-native_ref-linux-x86_64-1.1-natives.jar:/home/fitz/.m2/repository/com/github/fommil/netlib/netlib-native_ref-linux-i686/1.1/netlib-native_ref-linux-i686-1.1-natives.jar:/home/fitz/.m2/repository/com/github/fommil/netlib/netlib-native_ref-win-x86_64/1.1/netlib-native_ref-win-x86_64-1.1-natives.jar:/home/fitz/.m2/repository/com/github/fommil/netlib/netlib-native_ref-win-i686/1.1/netlib-native_ref-win-i686-1.1-natives.jar:/home/fitz/.m2/repository/com/github/fommil/netlib/netlib-native_ref-linux-armhf/1.1/netlib-native_ref-linux-armhf-1.1-natives.jar:/home/fitz/.m2/repository/com/github/fommil/netlib/netlib-native_system-osx-x86_64/1.1/netlib-native_system-osx-x86_64-1.1-natives.jar:/home/fitz/.m2/repository/com/github/fommil/netlib/native_system-java/1.1/native_system-java-1.1.jar:/home/fitz/.m2/repository/com/github/fommil/netlib/netlib-native_system-linux-x86_64/1.1/netlib-native_system-linux-x86_64-1.1-natives.jar:/home/fitz/.m2/repository/com/github/fommil/netlib/netlib-native_system-linux-i686/1.1/netlib-native_system-linux-i686-1.1-natives.jar:/home/fitz/.m2/repository/com/github/fommil/netlib/netlib-native_system-linux-armhf/1.1/netlib-native_system-linux-armhf-1.1-natives.jar:/home/fitz/.m2/repository/com/github/fommil/netlib/netlib-native_system-win-x86_64/1.1/netlib-native_system-win-x86_64-1.1-natives.jar:/home/fitz/.m2/repository/com/github/fommil/netlib/netlib-native_system-win-i686/1.1/netlib-native_system-win-i686-1.1-natives.jar:/home/fitz/.m2/repository/org/scalanlp/breeze_2.11/0.13.1/breeze_2.11-0.13.1.jar:/home/fitz/.m2/repository/org/scalanlp/breeze-macros_2.11/0.13.1/breeze-macros_2.11-0.13.1.jar:/home/fitz/.m2/repository/net/sf/opencsv/opencsv/2.3/opencsv-2.3.jar:/home/fitz/.m2/repository/com/github/rwl/jtransforms/2.4.0/jtransforms-2.4.0.jar:/home/fitz/.m2/repository/junit/junit/4.8.2/junit-4.8.2.jar:/home/fitz/.m2/repository/org/apache/commons/commons-math3/3.2/commons-math3-3.2.jar:/home/fitz/.m2/repository/org/spire-math/spire_2.11/0.13.0/spire_2.11-0.13.0.jar:/home/fitz/.m2/repository/org/spire-math/spire-macros_2.11/0.13.0/spire-macros_2.11-0.13.0.jar:/home/fitz/.m2/repository/org/typelevel/machinist_2.11/0.6.1/machinist_2.11-0.6.1.jar:/home/fitz/.m2/repository/com/chuusai/shapeless_2.11/2.3.2/shapeless_2.11-2.3.2.jar:/home/fitz/.m2/repository/org/typelevel/macro-compat_2.11/1.1.1/macro-compat_2.11-1.1.1.jar:/home/fitz/.m2/repository/commons-logging/commons-logging/1.1.1/commons-logging-1.1.1.jar:/home/fitz/.m2/repository/org/slf4j/slf4j-log4j12/1.6.2/slf4j-log4j12-1.6.2.jar:/home/fitz/.m2/repository/log4j/log4j/1.2.16/log4j-1.2.16.jar:/home/fitz/.m2/repository/org/slf4j/slf4j-api/1.6.2/slf4j-api-1.6.2.jar">
</property>
    <property name="java.vm.specification.version" value="1.8"> </property>
    <property name="sun.arch.data.model" value="64"> </property>
    <property name="java.home" value="/home/fitz/software/jdk1.8.0_211/jre">
    </property>
    <property 
    name="sun.java.command" value="org.scalatest.tools.Runner -R /home/fitz/github/fitzwang/math2/target/classes /home/fitz/github/fitzwang/math2/target/test-classes -o -fWDF /home/fitz/github/fitzwang/math2/target/surefire-reports/TestSuite.txt -u /home/fitz/github/fitzwang/math2/target/surefire-reports/.">
</property>
    <property name="java.specification.vendor" value="Oracle Corporation">
    </property>
    <property name="user.language" value="en"> </property>
    <property name="awt.toolkit" value="sun.awt.X11.XToolkit"> </property>
    <property name="java.vm.info" value="mixed mode"> </property>
    <property name="java.version" value="1.8.0_211"> </property>
    <property 
    name="java.ext.dirs" value="/home/fitz/software/jdk1.8.0_211/jre/lib/ext:/usr/java/packages/lib/ext">
</property>
    <property 
    name="sun.boot.class.path" value="/home/fitz/software/jdk1.8.0_211/jre/lib/resources.jar:/home/fitz/software/jdk1.8.0_211/jre/lib/rt.jar:/home/fitz/software/jdk1.8.0_211/jre/lib/sunrsasign.jar:/home/fitz/software/jdk1.8.0_211/jre/lib/jsse.jar:/home/fitz/software/jdk1.8.0_211/jre/lib/jce.jar:/home/fitz/software/jdk1.8.0_211/jre/lib/charsets.jar:/home/fitz/software/jdk1.8.0_211/jre/lib/jfr.jar:/home/fitz/software/jdk1.8.0_211/jre/classes">
</property>
    <property name="java.vendor" value="Oracle Corporation"> </property>
    <property name="file.separator" value="/"> </property>
    <property 
    name="java.vendor.url.bug" value="http://bugreport.sun.com/bugreport/">
</property>
    <property name="sun.cpu.endian" value="little"> </property>
    <property name="sun.io.unicode.encoding" value="UnicodeLittle"> </property>
    <property name="sun.cpu.isalist" value=""> </property>
  </properties>
  <testcase 
  name="double" classname="com.tencent.angel.ml.math2.matrix.CooMatrixTest.CooMatrixTest" time="0.001">
</testcase>
  <testcase 
  name="float" classname="com.tencent.angel.ml.math2.matrix.CooMatrixTest.CooMatrixTest" time="0.001">
</testcase>
  <system-out><![CDATA[]]></system-out>
  <system-err><![CDATA[]]></system-err>
</testsuite>
